version: (200506)

available memory: 64M bytes
used memory: 81920 bytes [need 80K bytes if disable swap]

used block: 3 [memory(3) file(0)]
                 [ 8K(2) 64K(1) { total 80K bytes } ]
overhead: (9538) bytes for (3) blocks [Average: (3179) bytes/block]

write  => 0(times) 0K(bytes) [0K bytes to file]
read   => 1(times) 36K(bytes) [5K bytes compressed data from file]
access => 77570(times) 609M(bytes)
          [hit ratio: 99.9987%]

time: write(0) read(0)  unit: second

swap file directory: (/home/amiyak2/mp1/cacheline_adaptor/verdi/verdiLog)
used swap file number: (1)



swap file manager:
arrSize: (256)
idxCnt: (3)
closeHead: (1)
closeTail: (2)
openCnt: (2)
fid(2): fd(26) fileName(/home/amiyak2/mp1/cacheline_adaptor/verdi/verdiLog/_swap_0001#-1367311941#42250)
	size(0) lastModTime(0) curModTime(1693600358)
	mode(w+b)	hot(0) cool(1) pos(0)
fid(1): fd(1073741824) fileName(/home/amiyak2/mp1/cacheline_adaptor/sim/simv.daidir/kdb.elab++/work.lib++/testbench.sv.tdc)
	size(8870) lastModTime(1693600352) curModTime(1693600352)
	mode(rb)	hot(2) cool(0) pos(0)
fid(0): fd(0) fileName(NULL)
	mode(NULL)	hot(0) cool(0) pos(0)
==================================================
mySelf(17d5a030) pre(168c8fb0) next(0)
version(200506)
date(Mar 24 2021 03:58:02)
