version: (200506)

available memory: 64M bytes
used memory: 73728 bytes [need 72K bytes if disable swap]

used block: 2 [memory(2) file(0)]
                 [ 8K(1) 64K(1) { total 72K bytes } ]
overhead: (9538) bytes for (2) blocks [Average: (4769) bytes/block]

write  => 0(times) 0K(bytes) [0K bytes to file]
read   => 1(times) 0K(bytes) [0K bytes compressed data from file]
access => 12045(times) 94M(bytes)
          [hit ratio: 99.9917%]

time: write(0) read(0)  unit: second

swap file directory: (/home/amiyak2/mp1/multiplier/verdi/verdiLog)
used swap file number: (1)



swap file manager:
arrSize: (256)
idxCnt: (3)
closeHead: (1)
closeTail: (2)
openCnt: (2)
fid(2): fd(26) fileName(/home/amiyak2/mp1/multiplier/verdi/verdiLog/_swap_0001#297837833#1933956)
	size(0) lastModTime(0) curModTime(1693359722)
	mode(w+b)	hot(0) cool(1) pos(0)
fid(1): fd(1073741824) fileName(/home/amiyak2/mp1/multiplier/sim/simv.daidir/kdb.elab++/work.lib++/top.sv.tdc)
	size(592) lastModTime(1693359659) curModTime(1693359659)
	mode(rb)	hot(2) cool(0) pos(0)
fid(0): fd(0) fileName(NULL)
	mode(NULL)	hot(0) cool(0) pos(0)
==================================================
mySelf(183d4920) pre(16243060) next(0)
version(200506)
date(Mar 24 2021 03:58:02)
