Command: /home/amiyak2/mp1/cam/sim/./grading -l simualtion.log
Chronologic VCS simulator copyright 1991-2020
Contains Synopsys proprietary information.
Compiler version R-2020.12-SP1-1_Full64; Runtime version R-2020.12-SP1-1_Full64;  Sep  3 16:19 2023
*Verdi* Loading libsscore_vcs202012.so
FSDB Dumper for VCS, Release Verdi_R-2020.12-SP1-1, Linux x86_64/64bit, 04/20/2021
(C) 1996 - 2021 by Synopsys, Inc.
*Verdi* FSDB WARNING: The FSDB file already exists. Overwriting the FSDB file may crash the programs that are using this file.
*Verdi* : Create FSDB file 'dump.fsdb'
*Verdi* : Begin traversing the scopes, layer (0).
*Verdi* : Enable +all dumping.
*Verdi* : End of traversing.
Starting CAM Tests
GDR: Grader Running

Warning-[RT-MTOCMUCS] More than one condition match in statement
/home/amiyak2/mp1/cam/hdl/cam_controller.sv, 52
  More than one condition matches are found in 'unique case' statement inside 
  top.tb.dut.ctl.invalid_entry_finder, at time 0ps.
  
  Line number 53 and 54 are overlapping.

500 CAMCTL: /home/amiyak2/mp1/cam/hdl/cam_controller.sv 151: reset to make valid
700: SCB: Received TR_RESET
1700: SCB: Received TR_RESET
2700: SCB: Received TR_RESET
3700: SCB: Received TR_RESET
4700: SCB: Received TR_RESET
11700: SCB: Received TR_WRITE
12700: SCB: Received TR_WRITE
13700: SCB: Received TR_WRITE
14700: SCB: Received TR_WRITE
15700: SCB: Received TR_WRITE
16700: SCB: Received TR_WRITE
17700: SCB: Received TR_WRITE
18700: SCB: Received TR_WRITE
19700: SCB: Received TR_WRITE
20700: SCB: Received TR_WRITE
21700: SCB: Received TR_WRITE
22700: SCB: Received TR_WRITE
23700: SCB: Received TR_WRITE
24700: SCB: Received TR_WRITE
25700: SCB: Received TR_WRITE
26700: SCB: Received TR_WRITE
27700: SCB: Received TR_WRITE
28700: SCB: Received TR_WRITE
29700: SCB: Received TR_WRITE
30700: SCB: Received TR_WRITE
31700: SCB: Received TR_WRITE
32700: SCB: Received TR_WRITE
33700: SCB: Received TR_WRITE
34700: SCB: Received TR_WRITE
35700: SCB: Received TR_READ
36700: SCB: Received TR_READ
37700: SCB: Received TR_READ
38700: SCB: Received TR_READ
39700: SCB: Received TR_READ
40700: SCB: Received TR_READ
41700: SCB: Received TR_READ
42700: SCB: Received TR_READ
43700: SCB: Received TR_READ
45700: SCB: Received TR_WRITE
46700: SCB: Received TR_WRITE
46700: SCB: HIT WW Coverage
47700: SCB: Received TR_READ
47700: SCB: HIT WR Coverage
$finish called from file "/home/amiyak2/mp1/cam/hdl/cam_itf.sv", line 14.
GDR: Cleaning Up Grading Run...
$finish at simulation time               147500
           V C S   S i m u l a t i o n   R e p o r t 
Time: 1475000 ps
CPU Time:      0.390 seconds;       Data structure size:   0.0Mb
Sun Sep  3 16:19:54 2023
